#
# There is insufficient memory for the Java Runtime Environment to continue.
# Native memory allocation (mmap) failed to map 15728640 bytes for G1 virtual space
# Possible reasons:
#   The system is out of physical RAM or swap space
#   The process is running with CompressedOops enabled, and the Java Heap may be blocking the growth of the native heap
# Possible solutions:
#   Reduce memory load on the system
#   Increase physical memory or swap space
#   Check if swap backing store is full
#   Decrease Java heap size (-Xmx/-Xms)
#   Decrease number of Java threads
#   Decrease Java thread stack sizes (-Xss)
#   Set larger code cache with -XX:ReservedCodeCacheSize=
#   JVM is running with Unscaled Compressed Oops mode in which the Java heap is
#     placed in the first 4GB address space. The Java Heap base address is the
#     maximum limit for the native heap growth. Please use -XX:HeapBaseMinAddress
#     to set the Java Heap base and to place the Java Heap above 4GB virtual address.
# This output file may be truncated or incomplete.
#
#  Out of Memory Error (os_windows.cpp:3532), pid=9460, tid=1960
#
# JRE version: OpenJDK Runtime Environment Temurin-17.0.2+8 (17.0.2+8) (build 17.0.2+8)
# Java VM: OpenJDK 64-Bit Server VM Temurin-17.0.2+8 (17.0.2+8, mixed mode, emulated-client, tiered, compressed oops, compressed class ptrs, g1 gc, windows-amd64)
# No core dump will be written. Minidumps are not enabled by default on client versions of Windows
#

---------------  S U M M A R Y ------------

Command Line: -Dcom.sun.management.jmxremote -Dcom.sun.management.jmxremote.port=54698 -Dcom.sun.management.jmxremote.authenticate=false -Dcom.sun.management.jmxremote.ssl=false -Djava.rmi.server.hostname=localhost -Dspring.jmx.enabled=true -Dspring.application.admin.enabled=true -XX:TieredStopAtLevel=1 -Dspring.boot.project.name=userService -Dfile.encoding=UTF-8 -XX:+ShowCodeDetailsInExceptionMessages -agentpath:C:\Program Files\Palo Alto Networks\Traps\cyjagent.dll com.service1.userService.UserServiceApplication --spring.output.ansi.enabled=always

Host: 11th Gen Intel(R) Core(TM) i5-1135G7 @ 2.40GHz, 8 cores, 7G,  Windows 10 , 64 bit Build 19041 (10.0.19041.2364)
Time: Mon Jan  2 11:19:26 2023 India Standard Time elapsed time: 9.004450 seconds (0d 0h 0m 9s)

---------------  T H R E A D  ---------------

Current thread (0x00000280f1268550):  VMThread "VM Thread" [stack: 0x000000a02fc00000,0x000000a02fd00000] [id=1960]

Stack: [0x000000a02fc00000,0x000000a02fd00000]
Native frames: (J=compiled Java code, j=interpreted, Vv=VM code, C=native code)
V  [jvm.dll+0x67564a]
V  [jvm.dll+0x82fc04]
V  [jvm.dll+0x8313ae]
V  [jvm.dll+0x831a13]
V  [jvm.dll+0x245235]
V  [jvm.dll+0x672539]
V  [jvm.dll+0x666e82]
V  [jvm.dll+0x30401b]
V  [jvm.dll+0x30b566]
V  [jvm.dll+0x35b1fe]
V  [jvm.dll+0x35b42f]
V  [jvm.dll+0x2daf58]
V  [jvm.dll+0x2d920c]
V  [jvm.dll+0x2d87dc]
V  [jvm.dll+0x31c61b]
V  [jvm.dll+0x835ebb]
V  [jvm.dll+0x836bf4]
V  [jvm.dll+0x83710c]
V  [jvm.dll+0x8374e4]
V  [jvm.dll+0x8375b0]
V  [jvm.dll+0x7dff2a]
V  [jvm.dll+0x6744d5]
C  [ucrtbase.dll+0x21bb2]
C  [cyinjct.dll+0x11e7]
C  [KERNEL32.DLL+0x17614]
C  [ntdll.dll+0x526a1]

VM_Operation (0x000000a02f6fb360): G1CollectForAllocation, mode: safepoint, requested by thread 0x00000280e35f9bb0


---------------  P R O C E S S  ---------------

Threads class SMR info:
_java_thread_list=0x00000280f65472a0, length=27, elements={
0x00000280e35f9bb0, 0x00000280f128a250, 0x00000280f128b900, 0x00000280f1c3b290,
0x00000280f1c3bb50, 0x00000280f1c3cbb0, 0x00000280f1c3f850, 0x00000280f1c40110,
0x00000280f1c68520, 0x00000280f120f8a0, 0x00000280f1cc4c60, 0x00000280f1e33230,
0x00000280f2446a00, 0x00000280f25b8750, 0x00000280f25b78d0, 0x00000280f25b3b10,
0x00000280f2445fe0, 0x00000280f36fabf0, 0x00000280f36ea0d0, 0x00000280f36ecc40,
0x00000280f373e170, 0x00000280f4396fc0, 0x00000280f4397490, 0x00000280f4396af0,
0x00000280f4397960, 0x00000280f4398300, 0x00000280f24c67d0
}

Java Threads: ( => current thread )
  0x00000280e35f9bb0 JavaThread "main" [_thread_blocked, id=7524, stack(0x000000a02f600000,0x000000a02f700000)]
  0x00000280f128a250 JavaThread "Reference Handler" daemon [_thread_blocked, id=5700, stack(0x000000a02fd00000,0x000000a02fe00000)]
  0x00000280f128b900 JavaThread "Finalizer" daemon [_thread_blocked, id=7528, stack(0x000000a02fe00000,0x000000a02ff00000)]
  0x00000280f1c3b290 JavaThread "Signal Dispatcher" daemon [_thread_blocked, id=6136, stack(0x000000a02ff00000,0x000000a030000000)]
  0x00000280f1c3bb50 JavaThread "Attach Listener" daemon [_thread_blocked, id=13516, stack(0x000000a030000000,0x000000a030100000)]
  0x00000280f1c3cbb0 JavaThread "Service Thread" daemon [_thread_blocked, id=2108, stack(0x000000a030100000,0x000000a030200000)]
  0x00000280f1c3f850 JavaThread "Monitor Deflation Thread" daemon [_thread_blocked, id=9480, stack(0x000000a030200000,0x000000a030300000)]
  0x00000280f1c40110 JavaThread "C1 CompilerThread0" daemon [_thread_blocked, id=6968, stack(0x000000a030300000,0x000000a030400000)]
  0x00000280f1c68520 JavaThread "Sweeper thread" daemon [_thread_blocked, id=2312, stack(0x000000a030400000,0x000000a030500000)]
  0x00000280f120f8a0 JavaThread "Common-Cleaner" daemon [_thread_blocked, id=10464, stack(0x000000a030500000,0x000000a030600000)]
  0x00000280f1cc4c60 JavaThread "C1 CompilerThread1" daemon [_thread_blocked, id=6320, stack(0x000000a030600000,0x000000a030700000)]
  0x00000280f1e33230 JavaThread "Notification Thread" daemon [_thread_blocked, id=4712, stack(0x000000a030800000,0x000000a030900000)]
  0x00000280f2446a00 JavaThread "C1 CompilerThread2" daemon [_thread_blocked, id=4192, stack(0x000000a030700000,0x000000a030800000)]
  0x00000280f25b8750 JavaThread "RMI TCP Accept-0" daemon [_thread_in_native, id=11960, stack(0x000000a030900000,0x000000a030a00000)]
  0x00000280f25b78d0 JavaThread "RMI TCP Accept-54698" daemon [_thread_in_native, id=1696, stack(0x000000a030a00000,0x000000a030b00000)]
  0x00000280f25b3b10 JavaThread "RMI TCP Accept-0" daemon [_thread_in_native, id=12196, stack(0x000000a030b00000,0x000000a030c00000)]
  0x00000280f2445fe0 JavaThread "C1 CompilerThread3" daemon [_thread_blocked, id=10984, stack(0x000000a030d00000,0x000000a030e00000)]
  0x00000280f36fabf0 JavaThread "RMI TCP Connection(1)-127.0.0.1" daemon [_thread_in_native, id=2892, stack(0x000000a031700000,0x000000a031800000)]
  0x00000280f36ea0d0 JavaThread "RMI Scheduler(0)" daemon [_thread_blocked, id=3584, stack(0x000000a031800000,0x000000a031900000)]
  0x00000280f36ecc40 JavaThread "RMI TCP Connection(2)-127.0.0.1" daemon [_thread_in_native, id=3144, stack(0x000000a031900000,0x000000a031a00000)]
  0x00000280f373e170 JavaThread "JMX server connection timeout 22" daemon [_thread_blocked, id=10780, stack(0x000000a031a00000,0x000000a031b00000)]
  0x00000280f4396fc0 JavaThread "mysql-cj-abandoned-connection-cleanup" daemon [_thread_blocked, id=11052, stack(0x000000a031b00000,0x000000a031c00000)]
  0x00000280f4397490 JavaThread "Catalina-utility-1" [_thread_blocked, id=10848, stack(0x000000a031d00000,0x000000a031e00000)]
  0x00000280f4396af0 JavaThread "Catalina-utility-2" [_thread_blocked, id=12208, stack(0x000000a031e00000,0x000000a031f00000)]
  0x00000280f4397960 JavaThread "container-0" [_thread_blocked, id=2904, stack(0x000000a031f00000,0x000000a032000000)]
  0x00000280f4398300 JavaThread "HikariPool-1 housekeeper" daemon [_thread_blocked, id=5312, stack(0x000000a032100000,0x000000a032200000)]
  0x00000280f24c67d0 JavaThread "HikariPool-1 connection adder" daemon [_thread_blocked, id=4512, stack(0x000000a032200000,0x000000a032300000)]

Other Threads:
=>0x00000280f1268550 VMThread "VM Thread" [stack: 0x000000a02fc00000,0x000000a02fd00000] [id=1960]
  0x00000280e3669d70 WatcherThread [stack: 0x000000a030c00000,0x000000a030d00000] [id=8032]
  0x00000280e3636610 GCTaskThread "GC Thread#0" [stack: 0x000000a02f700000,0x000000a02f800000] [id=9744]
  0x00000280f364b070 GCTaskThread "GC Thread#1" [stack: 0x000000a030e00000,0x000000a030f00000] [id=4648]
  0x00000280f36a3090 GCTaskThread "GC Thread#2" [stack: 0x000000a030f00000,0x000000a031000000] [id=12432]
  0x00000280f36a3340 GCTaskThread "GC Thread#3" [stack: 0x000000a031000000,0x000000a031100000] [id=11236]
  0x00000280f36a3a00 GCTaskThread "GC Thread#4" [stack: 0x000000a031100000,0x000000a031200000] [id=6260]
  0x00000280f36a40c0 GCTaskThread "GC Thread#5" [stack: 0x000000a031200000,0x000000a031300000] [id=5824]
  0x00000280f36a4370 GCTaskThread "GC Thread#6" [stack: 0x000000a031300000,0x000000a031400000] [id=6980]
  0x00000280f36a4620 GCTaskThread "GC Thread#7" [stack: 0x000000a031400000,0x000000a031500000] [id=6044]
  0x00000280e3646be0 ConcurrentGCThread "G1 Main Marker" [stack: 0x000000a02f800000,0x000000a02f900000] [id=12324]
  0x00000280e3649410 ConcurrentGCThread "G1 Conc#0" [stack: 0x000000a02f900000,0x000000a02fa00000] [id=4432]
  0x00000280f3949020 ConcurrentGCThread "G1 Conc#1" [stack: 0x000000a031c00000,0x000000a031d00000] [id=10700]
  0x00000280f10c84f0 ConcurrentGCThread "G1 Refine#0" [stack: 0x000000a02fa00000,0x000000a02fb00000] [id=628]
  0x00000280f36937e0 ConcurrentGCThread "G1 Refine#1" [stack: 0x000000a031500000,0x000000a031600000] [id=2544]
  0x00000280f20100a0 ConcurrentGCThread "G1 Refine#2" [stack: 0x000000a031600000,0x000000a031700000] [id=10148]
  0x00000280f10c9890 ConcurrentGCThread "G1 Service" [stack: 0x000000a02fb00000,0x000000a02fc00000] [id=10528]

Threads with active compile tasks:

VM state: at safepoint (normal execution)

VM Mutex/Monitor currently owned by a thread:  ([mutex/lock_event])
[0x00000280e35f45e0] Threads_lock - owner thread: 0x00000280f1268550
[0x00000280e35f4700] Heap_lock - owner thread: 0x00000280e35f9bb0

Heap address: 0x0000000084400000, size: 1980 MB, Compressed Oops mode: 32-bit

CDS archive(s) not mapped
Compressed class space mapped at: 0x0000000100000000-0x0000000140000000, reserved size: 1073741824
Narrow klass base: 0x0000000000000000, Narrow klass shift: 3, Narrow klass range: 0x140000000

GC Precious Log:
 CPUs: 8 total, 8 available
 Memory: 7914M
 Large Page Support: Disabled
 NUMA Support: Disabled
 Compressed Oops: Enabled (32-bit)
 Heap Region Size: 1M
 Heap Min Capacity: 8M
 Heap Initial Capacity: 124M
 Heap Max Capacity: 1980M
 Pre-touch: Disabled
 Parallel Workers: 8
 Concurrent Workers: 2
 Concurrent Refinement Workers: 8
 Periodic GC: Disabled

Heap:
 garbage-first heap   total 73728K, used 30621K [0x0000000084400000, 0x0000000100000000)
  region size 1024K, 3 young (3072K), 3 survivors (3072K)
 Metaspace       used 64869K, committed 65280K, reserved 1105920K
  class space    used 8783K, committed 8960K, reserved 1048576K

Heap Regions: E=young(eden), S=young(survivor), O=old, HS=humongous(starts), HC=humongous(continues), CS=collection set, F=free, OA=open archive, CA=closed archive, TAMS=top-at-mark-start (previous, next)
|   0|0x0000000084400000, 0x0000000084500000, 0x0000000084500000|100%| O|  |TAMS 0x0000000084500000, 0x0000000084400000| Untracked 
|   1|0x0000000084500000, 0x0000000084600000, 0x0000000084600000|100%|HS|  |TAMS 0x0000000084600000, 0x0000000084500000| Complete 
|   2|0x0000000084600000, 0x0000000084700000, 0x0000000084700000|100%| O|  |TAMS 0x0000000084700000, 0x0000000084600000| Untracked 
|   3|0x0000000084700000, 0x0000000084800000, 0x0000000084800000|100%| O|  |TAMS 0x0000000084800000, 0x0000000084700000| Untracked 
|   4|0x0000000084800000, 0x0000000084900000, 0x0000000084900000|100%| O|  |TAMS 0x0000000084900000, 0x0000000084800000| Untracked 
|   5|0x0000000084900000, 0x0000000084a00000, 0x0000000084a00000|100%| O|  |TAMS 0x0000000084a00000, 0x0000000084900000| Untracked 
|   6|0x0000000084a00000, 0x0000000084b00000, 0x0000000084b00000|100%| O|  |TAMS 0x0000000084b00000, 0x0000000084a00000| Untracked 
|   7|0x0000000084b00000, 0x0000000084c00000, 0x0000000084c00000|100%| O|  |TAMS 0x0000000084c00000, 0x0000000084b00000| Untracked 
|   8|0x0000000084c00000, 0x0000000084d00000, 0x0000000084d00000|100%| O|  |TAMS 0x0000000084d00000, 0x0000000084c00000| Untracked 
|   9|0x0000000084d00000, 0x0000000084d69000, 0x0000000084e00000| 41%| O|  |TAMS 0x0000000084d69000, 0x0000000084d00000| Untracked 
|  10|0x0000000084e00000, 0x0000000084f00000, 0x0000000084f00000|100%| O|  |TAMS 0x0000000084f00000, 0x0000000084e00000| Untracked 
|  11|0x0000000084f00000, 0x0000000085000000, 0x0000000085000000|100%| O|  |TAMS 0x0000000085000000, 0x0000000084f00000| Untracked 
|  12|0x0000000085000000, 0x0000000085100000, 0x0000000085100000|100%| O|  |TAMS 0x0000000085100000, 0x0000000085000000| Untracked 
|  13|0x0000000085100000, 0x0000000085200000, 0x0000000085200000|100%| O|  |TAMS 0x0000000085200000, 0x0000000085100000| Untracked 
|  14|0x0000000085200000, 0x0000000085300000, 0x0000000085300000|100%| O|  |TAMS 0x0000000085300000, 0x0000000085200000| Untracked 
|  15|0x0000000085300000, 0x0000000085400000, 0x0000000085400000|100%| O|  |TAMS 0x0000000085400000, 0x0000000085300000| Untracked 
|  16|0x0000000085400000, 0x0000000085500000, 0x0000000085500000|100%| O|  |TAMS 0x0000000085500000, 0x0000000085400000| Untracked 
|  17|0x0000000085500000, 0x0000000085600000, 0x0000000085600000|100%| O|  |TAMS 0x0000000085600000, 0x0000000085500000| Untracked 
|  18|0x0000000085600000, 0x0000000085700000, 0x0000000085700000|100%| O|  |TAMS 0x0000000085700000, 0x0000000085600000| Untracked 
|  19|0x0000000085700000, 0x0000000085800000, 0x0000000085800000|100%| O|  |TAMS 0x0000000085800000, 0x0000000085700000| Untracked 
|  20|0x0000000085800000, 0x0000000085900000, 0x0000000085900000|100%| O|  |TAMS 0x0000000085900000, 0x0000000085800000| Untracked 
|  21|0x0000000085900000, 0x0000000085a00000, 0x0000000085a00000|100%| O|  |TAMS 0x0000000085a00000, 0x0000000085900000| Untracked 
|  22|0x0000000085a00000, 0x0000000085b00000, 0x0000000085b00000|100%| O|  |TAMS 0x0000000085b00000, 0x0000000085a00000| Untracked 
|  23|0x0000000085b00000, 0x0000000085c00000, 0x0000000085c00000|100%| O|  |TAMS 0x0000000085c00000, 0x0000000085b00000| Untracked 
|  24|0x0000000085c00000, 0x0000000085d00000, 0x0000000085d00000|100%| O|  |TAMS 0x0000000085d00000, 0x0000000085c00000| Untracked 
|  25|0x0000000085d00000, 0x0000000085e00000, 0x0000000085e00000|100%| O|  |TAMS 0x0000000085e00000, 0x0000000085d00000| Untracked 
|  26|0x0000000085e00000, 0x0000000085f00000, 0x0000000085f00000|100%| O|  |TAMS 0x0000000085f00000, 0x0000000085e00000| Untracked 
|  27|0x0000000085f00000, 0x0000000086000000, 0x0000000086000000|100%| O|  |TAMS 0x0000000086000000, 0x0000000085f00000| Untracked 
|  28|0x0000000086000000, 0x000000008601ee00, 0x0000000086100000| 12%| O|  |TAMS 0x000000008601ee00, 0x0000000086000000| Untracked 
|  29|0x0000000086100000, 0x0000000086100000, 0x0000000086200000|  0%| F|  |TAMS 0x0000000086100000, 0x0000000086100000| Untracked 
|  30|0x0000000086200000, 0x0000000086200000, 0x0000000086300000|  0%| F|  |TAMS 0x0000000086200000, 0x0000000086200000| Untracked 
|  31|0x0000000086300000, 0x0000000086300000, 0x0000000086400000|  0%| F|  |TAMS 0x0000000086300000, 0x0000000086300000| Untracked 
|  32|0x0000000086400000, 0x0000000086400000, 0x0000000086500000|  0%| F|  |TAMS 0x0000000086400000, 0x0000000086400000| Untracked 
|  33|0x0000000086500000, 0x0000000086500000, 0x0000000086600000|  0%| F|  |TAMS 0x0000000086500000, 0x0000000086500000| Untracked 
|  34|0x0000000086600000, 0x0000000086600000, 0x0000000086700000|  0%| F|  |TAMS 0x0000000086600000, 0x0000000086600000| Untracked 
|  35|0x0000000086700000, 0x0000000086700000, 0x0000000086800000|  0%| F|  |TAMS 0x0000000086700000, 0x0000000086700000| Untracked 
|  36|0x0000000086800000, 0x0000000086800000, 0x0000000086900000|  0%| F|  |TAMS 0x0000000086800000, 0x0000000086800000| Untracked 
|  37|0x0000000086900000, 0x0000000086900000, 0x0000000086a00000|  0%| F|  |TAMS 0x0000000086900000, 0x0000000086900000| Untracked 
|  38|0x0000000086a00000, 0x0000000086a00000, 0x0000000086b00000|  0%| F|  |TAMS 0x0000000086a00000, 0x0000000086a00000| Untracked 
|  39|0x0000000086b00000, 0x0000000086b00000, 0x0000000086c00000|  0%| F|  |TAMS 0x0000000086b00000, 0x0000000086b00000| Untracked 
|  40|0x0000000086c00000, 0x0000000086c5f640, 0x0000000086d00000| 37%| S|CS|TAMS 0x0000000086c00000, 0x0000000086c00000| Complete 
|  41|0x0000000086d00000, 0x0000000086e00000, 0x0000000086e00000|100%| S|CS|TAMS 0x0000000086d00000, 0x0000000086d00000| Complete 
|  42|0x0000000086e00000, 0x0000000086f00000, 0x0000000086f00000|100%| S|CS|TAMS 0x0000000086e00000, 0x0000000086e00000| Complete 
|  43|0x0000000086f00000, 0x0000000086f00000, 0x0000000087000000|  0%| F|  |TAMS 0x0000000086f00000, 0x0000000086f00000| Untracked 
|  44|0x0000000087000000, 0x0000000087000000, 0x0000000087100000|  0%| F|  |TAMS 0x0000000087000000, 0x0000000087000000| Untracked 
|  45|0x0000000087100000, 0x0000000087100000, 0x0000000087200000|  0%| F|  |TAMS 0x0000000087100000, 0x0000000087100000| Untracked 
|  46|0x0000000087200000, 0x0000000087200000, 0x0000000087300000|  0%| F|  |TAMS 0x0000000087200000, 0x0000000087200000| Untracked 
|  47|0x0000000087300000, 0x0000000087300000, 0x0000000087400000|  0%| F|  |TAMS 0x0000000087300000, 0x0000000087300000| Untracked 
|  48|0x0000000087400000, 0x0000000087400000, 0x0000000087500000|  0%| F|  |TAMS 0x0000000087400000, 0x0000000087400000| Untracked 
|  49|0x0000000087500000, 0x0000000087500000, 0x0000000087600000|  0%| F|  |TAMS 0x0000000087500000, 0x0000000087500000| Untracked 
|  50|0x0000000087600000, 0x0000000087600000, 0x0000000087700000|  0%| F|  |TAMS 0x0000000087600000, 0x0000000087600000| Untracked 
|  51|0x0000000087700000, 0x0000000087700000, 0x0000000087800000|  0%| F|  |TAMS 0x0000000087700000, 0x0000000087700000| Untracked 
|  52|0x0000000087800000, 0x0000000087800000, 0x0000000087900000|  0%| F|  |TAMS 0x0000000087800000, 0x0000000087800000| Untracked 
|  53|0x0000000087900000, 0x0000000087900000, 0x0000000087a00000|  0%| F|  |TAMS 0x0000000087900000, 0x0000000087900000| Untracked 
|  54|0x0000000087a00000, 0x0000000087a00000, 0x0000000087b00000|  0%| F|  |TAMS 0x0000000087a00000, 0x0000000087a00000| Untracked 
|  55|0x0000000087b00000, 0x0000000087b00000, 0x0000000087c00000|  0%| F|  |TAMS 0x0000000087b00000, 0x0000000087b00000| Untracked 
|  56|0x0000000087c00000, 0x0000000087c00000, 0x0000000087d00000|  0%| F|  |TAMS 0x0000000087c00000, 0x0000000087c00000| Untracked 
|  57|0x0000000087d00000, 0x0000000087d00000, 0x0000000087e00000|  0%| F|  |TAMS 0x0000000087d00000, 0x0000000087d00000| Untracked 
|  58|0x0000000087e00000, 0x0000000087e00000, 0x0000000087f00000|  0%| F|  |TAMS 0x0000000087e00000, 0x0000000087e00000| Untracked 
|  59|0x0000000087f00000, 0x0000000087f00000, 0x0000000088000000|  0%| F|  |TAMS 0x0000000087f00000, 0x0000000087f00000| Untracked 
|  60|0x0000000088000000, 0x0000000088000000, 0x0000000088100000|  0%| F|  |TAMS 0x0000000088000000, 0x0000000088000000| Untracked 
|  61|0x0000000088100000, 0x0000000088100000, 0x0000000088200000|  0%| F|  |TAMS 0x0000000088100000, 0x0000000088100000| Untracked 
|  62|0x0000000088200000, 0x0000000088200000, 0x0000000088300000|  0%| F|  |TAMS 0x0000000088200000, 0x0000000088200000| Untracked 
|  63|0x0000000088300000, 0x0000000088300000, 0x0000000088400000|  0%| F|  |TAMS 0x0000000088300000, 0x0000000088300000| Untracked 
|  64|0x0000000088400000, 0x0000000088400000, 0x0000000088500000|  0%| F|  |TAMS 0x0000000088400000, 0x0000000088400000| Untracked 
|  65|0x0000000088500000, 0x0000000088500000, 0x0000000088600000|  0%| F|  |TAMS 0x0000000088500000, 0x0000000088500000| Untracked 
|  66|0x0000000088600000, 0x0000000088600000, 0x0000000088700000|  0%| F|  |TAMS 0x0000000088600000, 0x0000000088600000| Untracked 
| 112|0x000000008b400000, 0x000000008b400000, 0x000000008b500000|  0%| F|  |TAMS 0x000000008b400000, 0x000000008b400000| Untracked 
| 113|0x000000008b500000, 0x000000008b500000, 0x000000008b600000|  0%| F|  |TAMS 0x000000008b500000, 0x000000008b500000| Untracked 
| 114|0x000000008b600000, 0x000000008b600000, 0x000000008b700000|  0%| F|  |TAMS 0x000000008b600000, 0x000000008b600000| Untracked 
| 122|0x000000008be00000, 0x000000008be00000, 0x000000008bf00000|  0%| F|  |TAMS 0x000000008be00000, 0x000000008be00000| Untracked 
| 123|0x000000008bf00000, 0x000000008bf00000, 0x000000008c000000|  0%| F|  |TAMS 0x000000008bf00000, 0x000000008bf00000| Untracked 

Card table byte_map: [0x00000280ea270000,0x00000280ea650000] _byte_map_base: 0x00000280e9e4e000

Marking Bits (Prev, Next): (CMBitMap*) 0x00000280e3636b70, (CMBitMap*) 0x00000280e3636b30
 Prev Bits: [0x00000280ec920000, 0x00000280ee810000)
 Next Bits: [0x00000280eaa30000, 0x00000280ec920000)

Polling page: 0x00000280e0ea0000

Metaspace:

Usage:
  Non-class:     54.77 MB used.
      Class:      8.58 MB used.
       Both:     63.35 MB used.

Virtual space:
  Non-class space:       56.00 MB reserved,      55.00 MB ( 98%) committed,  7 nodes.
      Class space:        1.00 GB reserved,       8.75 MB ( <1%) committed,  1 nodes.
             Both:        1.05 GB reserved,      63.75 MB (  6%) committed. 

Chunk freelists:
   Non-Class:  160.00 KB
       Class:  3.27 MB
        Both:  3.42 MB

MaxMetaspaceSize: unlimited
CompressedClassSpaceSize: 1.00 GB
Initial GC threshold: 21.00 MB
Current GC threshold: 99.06 MB
CDS: off
MetaspaceReclaimPolicy: balanced
 - commit_granule_bytes: 65536.
 - commit_granule_words: 8192.
 - virtual_space_node_default_size: 1048576.
 - enlarge_chunks_in_place: 1.
 - new_chunks_are_fully_committed: 0.
 - uncommit_free_chunks: 1.
 - use_allocation_guard: 0.
 - handle_deallocations: 1.


Internal statistics:

num_allocs_failed_limit: 9.
num_arena_births: 462.
num_arena_deaths: 0.
num_vsnodes_births: 8.
num_vsnodes_deaths: 0.
num_space_committed: 1020.
num_space_uncommitted: 0.
num_chunks_returned_to_freelist: 9.
num_chunks_taken_from_freelist: 2417.
num_chunk_merges: 9.
num_chunk_splits: 1716.
num_chunks_enlarged: 1358.
num_purges: 0.
num_inconsistent_stats: 0.

CodeCache: size=49152Kb used=11849Kb max_used=11849Kb free=37302Kb
 bounds [0x00000280e6c70000, 0x00000280e7810000, 0x00000280e9c70000]
 total_blobs=6074 nmethods=5443 adapters=555
 compilation: enabled
              stopped_count=0, restarted_count=0
 full_count=0

Compilation events (20 events):
Event: 8.990 Thread 0x00000280f1c40110 nmethod 5432 0x00000280e77f9390 code [0x00000280e77f95c0, 0x00000280e77f9c78]
Event: 8.990 Thread 0x00000280f2446a00 nmethod 5429 0x00000280e77fa110 code [0x00000280e77fa5c0, 0x00000280e77fbbf8]
Event: 8.991 Thread 0x00000280f2446a00 5435       1       org.springframework.beans.PropertyEditorRegistrySupport::setConversionService (6 bytes)
Event: 8.991 Thread 0x00000280f2446a00 nmethod 5435 0x00000280e77fcf10 code [0x00000280e77fd0a0, 0x00000280e77fd1b8]
Event: 8.994 Thread 0x00000280f2446a00 5436       1       java.beans.FeatureDescriptor::setClass0 (9 bytes)
Event: 8.994 Thread 0x00000280f2446a00 nmethod 5436 0x00000280e77fd210 code [0x00000280e77fd3c0, 0x00000280e77fd588]
Event: 8.994 Thread 0x00000280f2446a00 5437   !   1       com.sun.beans.util.Cache::removeStaleEntries (163 bytes)
Event: 8.994 Thread 0x00000280f2445fe0 5438   !   1       com.sun.beans.introspect.ClassInfo::get (28 bytes)
Event: 8.994 Thread 0x00000280f2446a00 nmethod 5437 0x00000280e77fd690 code [0x00000280e77fd8a0, 0x00000280e77fe008]
Event: 8.994 Thread 0x00000280f1cc4c60 5441       1       com.sun.beans.TypeResolver::erase (154 bytes)
Event: 8.994 Thread 0x00000280f1c40110 5439   !   1       com.sun.beans.util.Cache::get (256 bytes)
Event: 8.994 Thread 0x00000280f2446a00 5440       1       com.sun.beans.util.Cache::hash (49 bytes)
Event: 8.995 Thread 0x00000280f2446a00 nmethod 5440 0x00000280e77fe790 code [0x00000280e77fe940, 0x00000280e77fea98]
Event: 8.995 Thread 0x00000280f1cc4c60 nmethod 5441 0x00000280e77feb10 code [0x00000280e77fed80, 0x00000280e77ff4e8]
Event: 8.995 Thread 0x00000280f2446a00 5442       1       java.beans.PropertyDescriptor::setPropertyType (9 bytes)
Event: 8.995 Thread 0x00000280f2446a00 nmethod 5442 0x00000280e77ff810 code [0x00000280e77ff9c0, 0x00000280e77ffb88]
Event: 8.995 Thread 0x00000280f2445fe0 nmethod 5438 0x00000280e77ffc90 code [0x00000280e77ffec0, 0x00000280e7800428]
Event: 8.995 Thread 0x00000280f1c40110 nmethod 5439 0x00000280e7800910 code [0x00000280e7800ba0, 0x00000280e7801718]
Event: 8.996 Thread 0x00000280f2445fe0 5443       1       org.springframework.util.ReflectionUtils::makeAccessible (36 bytes)
Event: 8.996 Thread 0x00000280f2445fe0 nmethod 5443 0x00000280e7802210 code [0x00000280e78023c0, 0x00000280e7802588]

GC Heap History (20 events):
Event: 5.847 GC heap after
{Heap after GC invocations=8 (full 0):
 garbage-first heap   total 61440K, used 16945K [0x0000000084400000, 0x0000000100000000)
  region size 1024K, 3 young (3072K), 3 survivors (3072K)
 Metaspace       used 31651K, committed 32000K, reserved 1081344K
  class space    used 3892K, committed 4032K, reserved 1048576K
}
Event: 6.424 GC heap before
{Heap before GC invocations=8 (full 0):
 garbage-first heap   total 61440K, used 42545K [0x0000000084400000, 0x0000000100000000)
  region size 1024K, 29 young (29696K), 3 survivors (3072K)
 Metaspace       used 35172K, committed 35520K, reserved 1081344K
  class space    used 4498K, committed 4672K, reserved 1048576K
}
Event: 6.430 GC heap after
{Heap after GC invocations=9 (full 0):
 garbage-first heap   total 61440K, used 18531K [0x0000000084400000, 0x0000000100000000)
  region size 1024K, 4 young (4096K), 4 survivors (4096K)
 Metaspace       used 35172K, committed 35520K, reserved 1081344K
  class space    used 4498K, committed 4672K, reserved 1048576K
}
Event: 6.557 GC heap before
{Heap before GC invocations=9 (full 0):
 garbage-first heap   total 61440K, used 26723K [0x0000000084400000, 0x0000000100000000)
  region size 1024K, 13 young (13312K), 4 survivors (4096K)
 Metaspace       used 35980K, committed 36288K, reserved 1081344K
  class space    used 4628K, committed 4736K, reserved 1048576K
}
Event: 6.564 GC heap after
{Heap after GC invocations=10 (full 0):
 garbage-first heap   total 61440K, used 19427K [0x0000000084400000, 0x0000000100000000)
  region size 1024K, 3 young (3072K), 3 survivors (3072K)
 Metaspace       used 35980K, committed 36288K, reserved 1081344K
  class space    used 4628K, committed 4736K, reserved 1048576K
}
Event: 6.907 GC heap before
{Heap before GC invocations=11 (full 0):
 garbage-first heap   total 61440K, used 46051K [0x0000000084400000, 0x0000000100000000)
  region size 1024K, 29 young (29696K), 3 survivors (3072K)
 Metaspace       used 39889K, committed 40192K, reserved 1089536K
  class space    used 5158K, committed 5312K, reserved 1048576K
}
Event: 6.914 GC heap after
{Heap after GC invocations=12 (full 0):
 garbage-first heap   total 61440K, used 21286K [0x0000000084400000, 0x0000000100000000)
  region size 1024K, 3 young (3072K), 3 survivors (3072K)
 Metaspace       used 39889K, committed 40192K, reserved 1089536K
  class space    used 5158K, committed 5312K, reserved 1048576K
}
Event: 7.142 GC heap before
{Heap before GC invocations=12 (full 0):
 garbage-first heap   total 61440K, used 46886K [0x0000000084400000, 0x0000000100000000)
  region size 1024K, 28 young (28672K), 3 survivors (3072K)
 Metaspace       used 41981K, committed 42304K, reserved 1089536K
  class space    used 5375K, committed 5504K, reserved 1048576K
}
Event: 7.149 GC heap after
{Heap after GC invocations=13 (full 0):
 garbage-first heap   total 73728K, used 24750K [0x0000000084400000, 0x0000000100000000)
  region size 1024K, 4 young (4096K), 4 survivors (4096K)
 Metaspace       used 41981K, committed 42304K, reserved 1089536K
  class space    used 5375K, committed 5504K, reserved 1048576K
}
Event: 7.376 GC heap before
{Heap before GC invocations=13 (full 0):
 garbage-first heap   total 73728K, used 56494K [0x0000000084400000, 0x0000000100000000)
  region size 1024K, 34 young (34816K), 4 survivors (4096K)
 Metaspace       used 43282K, committed 43648K, reserved 1089536K
  class space    used 5564K, committed 5760K, reserved 1048576K
}
Event: 7.384 GC heap after
{Heap after GC invocations=14 (full 0):
 garbage-first heap   total 73728K, used 24378K [0x0000000084400000, 0x0000000100000000)
  region size 1024K, 3 young (3072K), 3 survivors (3072K)
 Metaspace       used 43282K, committed 43648K, reserved 1089536K
  class space    used 5564K, committed 5760K, reserved 1048576K
}
Event: 7.700 GC heap before
{Heap before GC invocations=14 (full 0):
 garbage-first heap   total 73728K, used 56122K [0x0000000084400000, 0x0000000100000000)
  region size 1024K, 34 young (34816K), 3 survivors (3072K)
 Metaspace       used 46271K, committed 46592K, reserved 1089536K
  class space    used 6000K, committed 6144K, reserved 1048576K
}
Event: 7.703 GC heap after
{Heap after GC invocations=15 (full 0):
 garbage-first heap   total 73728K, used 25702K [0x0000000084400000, 0x0000000100000000)
  region size 1024K, 3 young (3072K), 3 survivors (3072K)
 Metaspace       used 46271K, committed 46592K, reserved 1089536K
  class space    used 6000K, committed 6144K, reserved 1048576K
}
Event: 8.321 GC heap before
{Heap before GC invocations=15 (full 0):
 garbage-first heap   total 73728K, used 57446K [0x0000000084400000, 0x0000000100000000)
  region size 1024K, 34 young (34816K), 3 survivors (3072K)
 Metaspace       used 56204K, committed 56512K, reserved 1097728K
  class space    used 7425K, committed 7552K, reserved 1048576K
}
Event: 8.324 GC heap after
{Heap after GC invocations=16 (full 0):
 garbage-first heap   total 73728K, used 28348K [0x0000000084400000, 0x0000000100000000)
  region size 1024K, 5 young (5120K), 5 survivors (5120K)
 Metaspace       used 56204K, committed 56512K, reserved 1097728K
  class space    used 7425K, committed 7552K, reserved 1048576K
}
Event: 8.619 GC heap before
{Heap before GC invocations=16 (full 0):
 garbage-first heap   total 73728K, used 55996K [0x0000000084400000, 0x0000000100000000)
  region size 1024K, 32 young (32768K), 5 survivors (5120K)
 Metaspace       used 59973K, committed 60288K, reserved 1105920K
  class space    used 7955K, committed 8128K, reserved 1048576K
}
Event: 8.622 GC heap after
{Heap after GC invocations=17 (full 0):
 garbage-first heap   total 73728K, used 29594K [0x0000000084400000, 0x0000000100000000)
  region size 1024K, 2 young (2048K), 2 survivors (2048K)
 Metaspace       used 59973K, committed 60288K, reserved 1105920K
  class space    used 7955K, committed 8128K, reserved 1048576K
}
Event: 8.643 GC heap before
{Heap before GC invocations=17 (full 0):
 garbage-first heap   total 73728K, used 30618K [0x0000000084400000, 0x0000000100000000)
  region size 1024K, 4 young (4096K), 2 survivors (2048K)
 Metaspace       used 60281K, committed 60608K, reserved 1105920K
  class space    used 7998K, committed 8192K, reserved 1048576K
}
Event: 8.644 GC heap after
{Heap after GC invocations=18 (full 0):
 garbage-first heap   total 73728K, used 29605K [0x0000000084400000, 0x0000000100000000)
  region size 1024K, 2 young (2048K), 2 survivors (2048K)
 Metaspace       used 60281K, committed 60608K, reserved 1105920K
  class space    used 7998K, committed 8192K, reserved 1048576K
}
Event: 9.001 GC heap before
{Heap before GC invocations=19 (full 0):
 garbage-first heap   total 73728K, used 56229K [0x0000000084400000, 0x0000000100000000)
  region size 1024K, 29 young (29696K), 2 survivors (2048K)
 Metaspace       used 64869K, committed 65280K, reserved 1105920K
  class space    used 8783K, committed 8960K, reserved 1048576K
}

Deoptimization events (16 events):
Event: 3.559 Thread 0x00000280e35f9bb0 DEOPT PACKING pc=0x00000280e6e485f5 sp=0x000000a02f6fd940
Event: 3.559 Thread 0x00000280e35f9bb0 DEOPT UNPACKING pc=0x00000280e6cc6763 sp=0x000000a02f6fcd98 mode 3
Event: 4.321 Thread 0x00000280e35f9bb0 DEOPT PACKING pc=0x00000280e724e319 sp=0x000000a02f6fd350
Event: 4.321 Thread 0x00000280e35f9bb0 DEOPT UNPACKING pc=0x00000280e6cc6763 sp=0x000000a02f6fc830 mode 3
Event: 4.655 Thread 0x00000280e35f9bb0 DEOPT PACKING pc=0x00000280e729da85 sp=0x000000a02f6fe700
Event: 4.655 Thread 0x00000280e35f9bb0 DEOPT UNPACKING pc=0x00000280e6cc6763 sp=0x000000a02f6fdc60 mode 3
Event: 5.910 Thread 0x00000280e35f9bb0 DEOPT PACKING pc=0x00000280e7254714 sp=0x000000a02f6fd820
Event: 5.910 Thread 0x00000280e35f9bb0 DEOPT UNPACKING pc=0x00000280e6cc6763 sp=0x000000a02f6fcd78 mode 0
Event: 6.390 Thread 0x00000280e35f9bb0 DEOPT PACKING pc=0x00000280e74ba875 sp=0x000000a02f6fce30
Event: 6.390 Thread 0x00000280e35f9bb0 DEOPT UNPACKING pc=0x00000280e6cc6763 sp=0x000000a02f6fc2a0 mode 3
Event: 6.409 Thread 0x00000280e35f9bb0 DEOPT PACKING pc=0x00000280e74e9b19 sp=0x000000a02f6fe0d0
Event: 6.409 Thread 0x00000280e35f9bb0 DEOPT UNPACKING pc=0x00000280e6cc6763 sp=0x000000a02f6fd5b0 mode 3
Event: 6.735 Thread 0x00000280e35f9bb0 DEOPT PACKING pc=0x00000280e755240a sp=0x000000a02f6fdc30
Event: 6.735 Thread 0x00000280e35f9bb0 DEOPT UNPACKING pc=0x00000280e6cc6763 sp=0x000000a02f6fd1c8 mode 0
Event: 7.526 Thread 0x00000280e35f9bb0 DEOPT PACKING pc=0x00000280e760fffd sp=0x000000a02f6fc780
Event: 7.526 Thread 0x00000280e35f9bb0 DEOPT UNPACKING pc=0x00000280e6cc6763 sp=0x000000a02f6fbce8 mode 3

Classes unloaded (0 events):
No events

Classes redefined (0 events):
No events

Internal exceptions (20 events):
Event: 8.984 Thread 0x00000280e35f9bb0 Exception <a 'java/lang/ClassNotFoundException'{0x0000000087184a80}: java/lang/ObjectCustomizer> (0x0000000087184a80) 
thrown [e:\jenkins\tmp\workspace\build\src\src\hotspot\share\classfile\systemDictionary.cpp, line 256]
Event: 8.984 Thread 0x00000280e35f9bb0 Exception <a 'java/lang/ClassNotFoundException'{0x000000008718e9c8}: org/springframework/data/repository/core/support/RepositoryFactoryBeanSupportCustomizer> (0x000000008718e9c8) 
thrown [e:\jenkins\tmp\workspace\build\src\src\hotspot\share\classfile\systemDictionary.cpp, line 256]
Event: 8.986 Thread 0x00000280e35f9bb0 Exception <a 'java/lang/ClassNotFoundException'{0x00000000871b90f8}: org/springframework/data/repository/core/support/TransactionalRepositoryFactoryBeanSupportCustomizer> (0x00000000871b90f8) 
thrown [e:\jenkins\tmp\workspace\build\src\src\hotspot\share\classfile\systemDictionary.cpp, line 256]
Event: 8.987 Thread 0x00000280e35f9bb0 Exception <a 'java/lang/ClassNotFoundException'{0x00000000871c97d8}: org/springframework/data/jpa/repository/support/JpaRepositoryFactoryBeanCustomizer> (0x00000000871c97d8) 
thrown [e:\jenkins\tmp\workspace\build\src\src\hotspot\share\classfile\systemDictionary.cpp, line 256]
Event: 8.988 Thread 0x00000280e35f9bb0 Exception <a 'java/lang/ClassNotFoundException'{0x00000000871fb1c8}: org/springframework/beans/factory/BeanFactoryAwareCustomizer> (0x00000000871fb1c8) 
thrown [e:\jenkins\tmp\workspace\build\src\src\hotspot\share\classfile\systemDictionary.cpp, line 256]
Event: 8.988 Thread 0x00000280e35f9bb0 Exception <a 'java/lang/ClassNotFoundException'{0x0000000087002468}: org/springframework/beans/factory/AwareCustomizer> (0x0000000087002468) 
thrown [e:\jenkins\tmp\workspace\build\src\src\hotspot\share\classfile\systemDictionary.cpp, line 256]
Event: 8.988 Thread 0x00000280e35f9bb0 Exception <a 'java/lang/ClassNotFoundException'{0x00000000870084d8}: org/springframework/beans/factory/InitializingBeanCustomizer> (0x00000000870084d8) 
thrown [e:\jenkins\tmp\workspace\build\src\src\hotspot\share\classfile\systemDictionary.cpp, line 256]
Event: 8.989 Thread 0x00000280e35f9bb0 Exception <a 'java/lang/ClassNotFoundException'{0x000000008700fc60}: org/springframework/data/repository/core/support/RepositoryFactoryInformationCustomizer> (0x000000008700fc60) 
thrown [e:\jenkins\tmp\workspace\build\src\src\hotspot\share\classfile\systemDictionary.cpp, line 256]
Event: 8.989 Thread 0x00000280e35f9bb0 Exception <a 'java/lang/ClassNotFoundException'{0x000000008701c350}: org/springframework/beans/factory/FactoryBeanCustomizer> (0x000000008701c350) 
thrown [e:\jenkins\tmp\workspace\build\src\src\hotspot\share\classfile\systemDictionary.cpp, line 256]
Event: 8.989 Thread 0x00000280e35f9bb0 Exception <a 'java/lang/ClassNotFoundException'{0x0000000087026820}: org/springframework/beans/factory/BeanClassLoaderAwareCustomizer> (0x0000000087026820) 
thrown [e:\jenkins\tmp\workspace\build\src\src\hotspot\share\classfile\systemDictionary.cpp, line 256]
Event: 8.989 Thread 0x00000280e35f9bb0 Exception <a 'java/lang/ClassNotFoundException'{0x000000008702d3c8}: org/springframework/beans/factory/AwareCustomizer> (0x000000008702d3c8) 
thrown [e:\jenkins\tmp\workspace\build\src\src\hotspot\share\classfile\systemDictionary.cpp, line 256]
Event: 8.990 Thread 0x00000280e35f9bb0 Exception <a 'java/lang/ClassNotFoundException'{0x00000000870333d0}: org/springframework/beans/factory/BeanFactoryAwareCustomizer> (0x00000000870333d0) 
thrown [e:\jenkins\tmp\workspace\build\src\src\hotspot\share\classfile\systemDictionary.cpp, line 256]
Event: 8.990 Thread 0x00000280e35f9bb0 Exception <a 'java/lang/ClassNotFoundException'{0x000000008703a618}: org/springframework/beans/factory/AwareCustomizer> (0x000000008703a618) 
thrown [e:\jenkins\tmp\workspace\build\src\src\hotspot\share\classfile\systemDictionary.cpp, line 256]
Event: 8.990 Thread 0x00000280e35f9bb0 Exception <a 'java/lang/ClassNotFoundException'{0x00000000870408e0}: org/springframework/context/ApplicationEventPublisherAwareCustomizer> (0x00000000870408e0) 
thrown [e:\jenkins\tmp\workspace\build\src\src\hotspot\share\classfile\systemDictionary.cpp, line 256]
Event: 8.990 Thread 0x00000280e35f9bb0 Exception <a 'java/lang/ClassNotFoundException'{0x0000000087047c10}: org/springframework/beans/factory/AwareCustomizer> (0x0000000087047c10) 
thrown [e:\jenkins\tmp\workspace\build\src\src\hotspot\share\classfile\systemDictionary.cpp, line 256]
Event: 8.993 Thread 0x00000280e35f9bb0 Exception <a 'java/lang/ClassNotFoundException'{0x0000000087080aa0}: java/lang/ObjectCustomizer> (0x0000000087080aa0) 
thrown [e:\jenkins\tmp\workspace\build\src\src\hotspot\share\classfile\systemDictionary.cpp, line 256]
Event: 8.994 Thread 0x00000280e35f9bb0 Exception <a 'java/lang/ClassNotFoundException'{0x000000008708a1c8}: org/springframework/core/io/support/PropertiesLoaderSupportCustomizer> (0x000000008708a1c8) 
thrown [e:\jenkins\tmp\workspace\build\src\src\hotspot\share\classfile\systemDictionary.cpp, line 256]
Event: 8.994 Thread 0x00000280e35f9bb0 Exception <a 'java/lang/ClassNotFoundException'{0x00000000870994f8}: org/springframework/beans/factory/config/PropertiesFactoryBeanCustomizer> (0x00000000870994f8) 
thrown [e:\jenkins\tmp\workspace\build\src\src\hotspot\share\classfile\systemDictionary.cpp, line 256]
Event: 8.995 Thread 0x00000280e35f9bb0 Exception <a 'java/lang/ClassNotFoundException'{0x00000000870afcc8}: org/springframework/beans/factory/FactoryBeanCustomizer> (0x00000000870afcc8) 
thrown [e:\jenkins\tmp\workspace\build\src\src\hotspot\share\classfile\systemDictionary.cpp, line 256]
Event: 8.995 Thread 0x00000280e35f9bb0 Exception <a 'java/lang/ClassNotFoundException'{0x00000000870b86b0}: org/springframework/beans/factory/InitializingBeanCustomizer> (0x00000000870b86b0) 
thrown [e:\jenkins\tmp\workspace\build\src\src\hotspot\share\classfile\systemDictionary.cpp, line 256]

VM Operations (20 events):
Event: 7.560 Executing VM operation: ICBufferFull done
Event: 7.700 Executing VM operation: G1CollectForAllocation
Event: 7.703 Executing VM operation: G1CollectForAllocation done
Event: 8.204 Executing VM operation: HandshakeAllThreads
Event: 8.204 Executing VM operation: HandshakeAllThreads done
Event: 8.206 Executing VM operation: HandshakeAllThreads
Event: 8.206 Executing VM operation: HandshakeAllThreads done
Event: 8.314 Executing VM operation: HandshakeAllThreads
Event: 8.314 Executing VM operation: HandshakeAllThreads done
Event: 8.321 Executing VM operation: G1CollectForAllocation
Event: 8.324 Executing VM operation: G1CollectForAllocation done
Event: 8.618 Executing VM operation: G1CollectForAllocation
Event: 8.622 Executing VM operation: G1CollectForAllocation done
Event: 8.642 Executing VM operation: CollectForMetadataAllocation
Event: 8.644 Executing VM operation: CollectForMetadataAllocation done
Event: 8.659 Executing VM operation: G1Concurrent
Event: 8.663 Executing VM operation: G1Concurrent done
Event: 8.672 Executing VM operation: G1Concurrent
Event: 8.672 Executing VM operation: G1Concurrent done
Event: 9.001 Executing VM operation: G1CollectForAllocation

Events (20 events):
Event: 8.879 loading class java/io/StreamCorruptedException
Event: 8.879 loading class java/io/StreamCorruptedException done
Event: 8.879 loading class java/io/ObjectInputValidation
Event: 8.879 loading class java/io/ObjectInputValidation done
Event: 8.879 loading class java/io/NotActiveException
Event: 8.879 loading class java/io/NotActiveException done
Event: 8.938 loading class java/util/TimerTask
Event: 8.938 loading class java/util/TimerTask done
Event: 8.972 loading class javax/naming/Reference
Event: 8.972 loading class javax/naming/Reference done
Event: 8.984 loading class java/lang/ObjectCustomizer
Event: 8.984 loading class java/lang/ObjectCustomizer done
Event: 8.984 loading class java/lang/ObjectCustomizer
Event: 8.984 loading class java/lang/ObjectCustomizer done
Event: 8.993 loading class java/lang/ObjectCustomizer
Event: 8.993 loading class java/lang/ObjectCustomizer done
Event: 8.993 loading class java/lang/ObjectCustomizer
Event: 8.993 loading class java/lang/ObjectCustomizer done
Event: 8.999 loading class java/util/InvalidPropertiesFormatException
Event: 8.999 loading class java/util/InvalidPropertiesFormatException done


Dynamic libraries:
0x00007ff6acc50000 - 0x00007ff6acc5e000 	D:\sts-4.14.1.RELEASE\plugins\org.eclipse.justj.openjdk.hotspot.jre.full.win32.x86_64_17.0.2.v20220201-1208\jre\bin\javaw.exe
0x00007ffc6f290000 - 0x00007ffc6f488000 	C:\WINDOWS\SYSTEM32\ntdll.dll
0x00007ffc6efe0000 - 0x00007ffc6f09f000 	C:\WINDOWS\System32\KERNEL32.DLL
0x00007ffc6ed00000 - 0x00007ffc6efd2000 	C:\WINDOWS\System32\KERNELBASE.dll
0x000000001c570000 - 0x000000001c5ab000 	C:\WINDOWS\System32\cyinjct.dll
0x00007ffc6eb80000 - 0x00007ffc6eb8c000 	C:\WINDOWS\System32\ntnativeapi.dll
0x00007ffc583b0000 - 0x00007ffc583c8000 	D:\sts-4.14.1.RELEASE\plugins\org.eclipse.justj.openjdk.hotspot.jre.full.win32.x86_64_17.0.2.v20220201-1208\jre\bin\jli.dll
0x00000280e0fe0000 - 0x00000280e1181000 	C:\WINDOWS\System32\USER32.dll
0x00007ffc6c960000 - 0x00007ffc6c982000 	C:\WINDOWS\System32\win32u.dll
0x00007ffc6dcd0000 - 0x00007ffc6dcfb000 	C:\WINDOWS\System32\GDI32.dll
0x00007ffc6cc80000 - 0x00007ffc6cd8f000 	C:\WINDOWS\System32\gdi32full.dll
0x00007ffc6cd90000 - 0x00007ffc6ce2d000 	C:\WINDOWS\System32\msvcp_win.dll
0x00000280e1190000 - 0x00000280e1290000 	C:\WINDOWS\System32\ucrtbase.dll
0x00007ffc59860000 - 0x00007ffc59879000 	D:\sts-4.14.1.RELEASE\plugins\org.eclipse.justj.openjdk.hotspot.jre.full.win32.x86_64_17.0.2.v20220201-1208\jre\bin\VCRUNTIME140.dll
0x00007ffc58470000 - 0x00007ffc5870a000 	C:\WINDOWS\WinSxS\amd64_microsoft.windows.common-controls_6595b64144ccf1df_6.0.19041.1110_none_60b5254171f9507e\COMCTL32.dll
0x00007ffc6e970000 - 0x00007ffc6ea0e000 	C:\WINDOWS\System32\msvcrt.dll
0x00007ffc6eb60000 - 0x00007ffc6eb7e000 	C:\WINDOWS\System32\cyvera.dll
0x00007ffc6eaf0000 - 0x00007ffc6eb58000 	C:\WINDOWS\System32\cyvrtrap.dll
0x00007ffc6e860000 - 0x00007ffc6e892000 	C:\WINDOWS\System32\IMM32.DLL
0x00007ffc669e0000 - 0x00007ffc669ec000 	D:\sts-4.14.1.RELEASE\plugins\org.eclipse.justj.openjdk.hotspot.jre.full.win32.x86_64_17.0.2.v20220201-1208\jre\bin\vcruntime140_1.dll
0x00007ffc49c80000 - 0x00007ffc49d11000 	D:\sts-4.14.1.RELEASE\plugins\org.eclipse.justj.openjdk.hotspot.jre.full.win32.x86_64_17.0.2.v20220201-1208\jre\bin\msvcp140.dll
0x00007ffc2a060000 - 0x00007ffc2aca7000 	D:\sts-4.14.1.RELEASE\plugins\org.eclipse.justj.openjdk.hotspot.jre.full.win32.x86_64_17.0.2.v20220201-1208\jre\bin\server\jvm.dll
0x00007ffc6e540000 - 0x00007ffc6e5ee000 	C:\WINDOWS\System32\ADVAPI32.dll
0x00007ffc6ea10000 - 0x00007ffc6eaac000 	C:\WINDOWS\System32\sechost.dll
0x00007ffc6ebd0000 - 0x00007ffc6ecf5000 	C:\WINDOWS\System32\RPCRT4.dll
0x00007ffc6e380000 - 0x00007ffc6e388000 	C:\WINDOWS\System32\PSAPI.DLL
0x00007ffc5bb60000 - 0x00007ffc5bb69000 	C:\WINDOWS\SYSTEM32\WSOCK32.dll
0x00007ffc6dd00000 - 0x00007ffc6dd6b000 	C:\WINDOWS\System32\WS2_32.dll
0x00007ffc54c40000 - 0x00007ffc54c67000 	C:\WINDOWS\SYSTEM32\WINMM.dll
0x00007ffc61320000 - 0x00007ffc6132a000 	C:\WINDOWS\SYSTEM32\VERSION.dll
0x00007ffc6b470000 - 0x00007ffc6b482000 	C:\WINDOWS\SYSTEM32\kernel.appcore.dll
0x00007ffc5bb50000 - 0x00007ffc5bb5a000 	D:\sts-4.14.1.RELEASE\plugins\org.eclipse.justj.openjdk.hotspot.jre.full.win32.x86_64_17.0.2.v20220201-1208\jre\bin\jimage.dll
0x00007ffc6aed0000 - 0x00007ffc6b0b4000 	C:\WINDOWS\SYSTEM32\DBGHELP.DLL
0x00007ffc5a1c0000 - 0x00007ffc5a1f5000 	C:\WINDOWS\SYSTEM32\dbgcore.DLL
0x00007ffc6cbf0000 - 0x00007ffc6cc72000 	C:\WINDOWS\System32\bcryptPrimitives.dll
0x00007ffc6eab0000 - 0x00007ffc6eae7000 	C:\Program Files\Palo Alto Networks\Traps\cyjagent.dll
0x00007ffc457d0000 - 0x00007ffc457f5000 	D:\sts-4.14.1.RELEASE\plugins\org.eclipse.justj.openjdk.hotspot.jre.full.win32.x86_64_17.0.2.v20220201-1208\jre\bin\java.dll
0x00007ffc55e10000 - 0x00007ffc55e28000 	D:\sts-4.14.1.RELEASE\plugins\org.eclipse.justj.openjdk.hotspot.jre.full.win32.x86_64_17.0.2.v20220201-1208\jre\bin\zip.dll
0x00007ffc6d3d0000 - 0x00007ffc6db14000 	C:\WINDOWS\System32\SHELL32.dll
0x00007ffc6a540000 - 0x00007ffc6acd2000 	C:\WINDOWS\SYSTEM32\windows.storage.dll
0x00007ffc6d070000 - 0x00007ffc6d3c5000 	C:\WINDOWS\System32\combase.dll
0x00007ffc6c2c0000 - 0x00007ffc6c2f0000 	C:\WINDOWS\SYSTEM32\Wldp.dll
0x00007ffc6cfc0000 - 0x00007ffc6d06d000 	C:\WINDOWS\System32\SHCORE.dll
0x00007ffc6e390000 - 0x00007ffc6e3e5000 	C:\WINDOWS\System32\shlwapi.dll
0x00007ffc6c7a0000 - 0x00007ffc6c7bf000 	C:\WINDOWS\SYSTEM32\profapi.dll
0x00007ffc457b0000 - 0x00007ffc457c9000 	D:\sts-4.14.1.RELEASE\plugins\org.eclipse.justj.openjdk.hotspot.jre.full.win32.x86_64_17.0.2.v20220201-1208\jre\bin\net.dll
0x00007ffc66c00000 - 0x00007ffc66d0c000 	C:\WINDOWS\SYSTEM32\WINHTTP.dll
0x00007ffc6c020000 - 0x00007ffc6c08a000 	C:\WINDOWS\system32\mswsock.dll
0x00007ffc45790000 - 0x00007ffc457a5000 	D:\sts-4.14.1.RELEASE\plugins\org.eclipse.justj.openjdk.hotspot.jre.full.win32.x86_64_17.0.2.v20220201-1208\jre\bin\nio.dll
0x00007ffc4e190000 - 0x00007ffc4e199000 	D:\sts-4.14.1.RELEASE\plugins\org.eclipse.justj.openjdk.hotspot.jre.full.win32.x86_64_17.0.2.v20220201-1208\jre\bin\management.dll
0x00007ffc4dfe0000 - 0x00007ffc4dfeb000 	D:\sts-4.14.1.RELEASE\plugins\org.eclipse.justj.openjdk.hotspot.jre.full.win32.x86_64_17.0.2.v20220201-1208\jre\bin\management_ext.dll
0x00007ffc44030000 - 0x00007ffc44047000 	C:\WINDOWS\system32\napinsp.dll
0x00007ffc44010000 - 0x00007ffc4402b000 	C:\WINDOWS\system32\pnrpnsp.dll
0x00007ffc693b0000 - 0x00007ffc693cd000 	C:\WINDOWS\system32\NLAapi.dll
0x00007ffc6bcc0000 - 0x00007ffc6bcfb000 	C:\WINDOWS\SYSTEM32\IPHLPAPI.DLL
0x00007ffc67210000 - 0x00007ffc67225000 	C:\WINDOWS\system32\wshbth.dll
0x00007ffc6bd10000 - 0x00007ffc6bdda000 	C:\WINDOWS\SYSTEM32\DNSAPI.dll
0x00007ffc6e470000 - 0x00007ffc6e478000 	C:\WINDOWS\System32\NSI.dll
0x00007ffc43ff0000 - 0x00007ffc44002000 	C:\WINDOWS\System32\winrnr.dll
0x00007ffc602f0000 - 0x00007ffc602fa000 	C:\Windows\System32\rasadhlp.dll
0x00007ffc668f0000 - 0x00007ffc66970000 	C:\WINDOWS\System32\fwpuclnt.dll
0x00007ffc6cea0000 - 0x00007ffc6cec7000 	C:\WINDOWS\System32\bcrypt.dll
0x00007ffc6c210000 - 0x00007ffc6c228000 	C:\WINDOWS\SYSTEM32\CRYPTSP.dll
0x00007ffc6b8d0000 - 0x00007ffc6b904000 	C:\WINDOWS\system32\rsaenh.dll
0x00007ffc6c760000 - 0x00007ffc6c78e000 	C:\WINDOWS\SYSTEM32\USERENV.dll
0x00007ffc6c230000 - 0x00007ffc6c23c000 	C:\WINDOWS\SYSTEM32\CRYPTBASE.dll
0x00007ffc65cd0000 - 0x00007ffc65ce7000 	C:\WINDOWS\SYSTEM32\dhcpcsvc6.DLL
0x00007ffc65c30000 - 0x00007ffc65c4d000 	C:\WINDOWS\SYSTEM32\dhcpcsvc.DLL
0x00007ffc5b4c0000 - 0x00007ffc5b4d0000 	D:\sts-4.14.1.RELEASE\plugins\org.eclipse.justj.openjdk.hotspot.jre.full.win32.x86_64_17.0.2.v20220201-1208\jre\bin\verify.dll
0x00007ffc5b450000 - 0x00007ffc5b45e000 	D:\sts-4.14.1.RELEASE\plugins\org.eclipse.justj.openjdk.hotspot.jre.full.win32.x86_64_17.0.2.v20220201-1208\jre\bin\sunmscapi.dll
0x00007ffc6c990000 - 0x00007ffc6cae6000 	C:\WINDOWS\System32\CRYPT32.dll
0x00007ffc6c330000 - 0x00007ffc6c357000 	C:\WINDOWS\SYSTEM32\ncrypt.dll
0x00007ffc6c2f0000 - 0x00007ffc6c32b000 	C:\WINDOWS\SYSTEM32\NTASN1.dll

dbghelp: loaded successfully - version: 4.0.5 - missing functions: none
symbol engine: initialized successfully - sym options: 0x614 - pdb path: .;D:\sts-4.14.1.RELEASE\plugins\org.eclipse.justj.openjdk.hotspot.jre.full.win32.x86_64_17.0.2.v20220201-1208\jre\bin;C:\WINDOWS\SYSTEM32;C:\WINDOWS\WinSxS\amd64_microsoft.windows.common-controls_6595b64144ccf1df_6.0.19041.1110_none_60b5254171f9507e;D:\sts-4.14.1.RELEASE\plugins\org.eclipse.justj.openjdk.hotspot.jre.full.win32.x86_64_17.0.2.v20220201-1208\jre\bin\server;C:\Program Files\Palo Alto Networks\Traps

VM Arguments:
jvm_args: -Dcom.sun.management.jmxremote -Dcom.sun.management.jmxremote.port=54698 -Dcom.sun.management.jmxremote.authenticate=false -Dcom.sun.management.jmxremote.ssl=false -Djava.rmi.server.hostname=localhost -Dspring.jmx.enabled=true -Dspring.application.admin.enabled=true -XX:TieredStopAtLevel=1 -Dspring.boot.project.name=userService -Dfile.encoding=UTF-8 -XX:+ShowCodeDetailsInExceptionMessages -agentpath:C:\Program Files\Palo Alto Networks\Traps\cyjagent.dll 
java_command: com.service1.userService.UserServiceApplication --spring.output.ansi.enabled=always
java_class_path (initial): D:\HCL-October\HCL-java\microservices\userService\userService\target\classes;C:\Users\saqib\.m2\repository\io\github\resilience4j\resilience4j-spring-boot2\1.7.0\resilience4j-spring-boot2-1.7.0.jar;C:\Users\saqib\.m2\repository\io\vavr\vavr\0.10.2\vavr-0.10.2.jar;C:\Users\saqib\.m2\repository\io\vavr\vavr-match\0.10.2\vavr-match-0.10.2.jar;C:\Users\saqib\.m2\repository\org\slf4j\slf4j-api\1.7.36\slf4j-api-1.7.36.jar;C:\Users\saqib\.m2\repository\io\github\resilience4j\resilience4j-spring\1.7.0\resilience4j-spring-1.7.0.jar;C:\Users\saqib\.m2\repository\io\github\resilience4j\resilience4j-annotations\1.7.0\resilience4j-annotations-1.7.0.jar;C:\Users\saqib\.m2\repository\io\github\resilience4j\resilience4j-consumer\1.7.0\resilience4j-consumer-1.7.0.jar;C:\Users\saqib\.m2\repository\io\github\resilience4j\resilience4j-core\1.7.0\resilience4j-core-1.7.0.jar;C:\Users\saqib\.m2\repository\io\github\resilience4j\resilience4j-circularbuffer\1.7.0\resilience4j-circularbuffer-1.7.0.jar;C:\Users\saqib\.m2\repository\io\github\resilience4j\resilience4j-framework-common\1.7.0\resilience4j-framework-common-1.7.0.jar;C:\Users\saqib\.m2\repository\io\github\resilience4j\resilience4j-circuitbreaker\1.7.0\resilience4j-circuitbreaker-1.7.0.jar;C:\Users\saqib\.m2\repository\io\github\resilience4j\resilience4j-ratelimiter\1.7.0\resilience4j-ratelimiter-1.7.0.jar;C:\Users\saqib\.m2\repository\io\github\resilience4j\resilience4j-retry\1.7.0\resilience4j-retry-1.7.0.jar;C:\Users\saqib\.m2\repository\io\github\resilience4j\resilience4j-bulkhead\1.7.0\resilience4j-bulkhead-1.7.0.jar;C:\Users\saqib\.m2\repository\io\github\resilience4j\resilience4j-timelimiter\1.7.0\resilience4j-timelimiter-1.7.0.jar;C:\Users\saqib\.m2\repository\io\github\resilience4j\resilience4j-micrometer\1.7.0\resilience4j-micrometer-1.7.0.jar;C:\Users\saqib\.m2\repository\org\springframework\boot\spring-boot-starter-aop\2.7.7\spring-boot-starter-aop-2.7.7.jar;C:\Users\saqib\.m2\repository\or
Launcher Type: SUN_STANDARD

[Global flags]
     intx CICompilerCount                          = 4                                         {product} {ergonomic}
     uint ConcGCThreads                            = 2                                         {product} {ergonomic}
     uint G1ConcRefinementThreads                  = 8                                         {product} {ergonomic}
   size_t G1HeapRegionSize                         = 1048576                                   {product} {ergonomic}
    uintx GCDrainStackTargetSize                   = 64                                        {product} {ergonomic}
   size_t InitialHeapSize                          = 130023424                                 {product} {ergonomic}
     bool ManagementServer                         = true                                      {product} {command line}
   size_t MarkStackSize                            = 4194304                                   {product} {ergonomic}
   size_t MaxHeapSize                              = 2076180480                                {product} {ergonomic}
   size_t MaxNewSize                               = 1245708288                                {product} {ergonomic}
   size_t MinHeapDeltaBytes                        = 1048576                                   {product} {ergonomic}
   size_t MinHeapSize                              = 8388608                                   {product} {ergonomic}
    uintx NonProfiledCodeHeapSize                  = 0                                      {pd product} {ergonomic}
     bool ProfileInterpreter                       = false                                  {pd product} {command line}
    uintx ProfiledCodeHeapSize                     = 0                                      {pd product} {ergonomic}
     bool ShowCodeDetailsInExceptionMessages       = true                                   {manageable} {command line}
   size_t SoftMaxHeapSize                          = 2076180480                             {manageable} {ergonomic}
     intx TieredStopAtLevel                        = 1                                         {product} {command line}
     bool UseCompressedClassPointers               = true                           {product lp64_product} {ergonomic}
     bool UseCompressedOops                        = true                           {product lp64_product} {ergonomic}
     bool UseG1GC                                  = true                                      {product} {ergonomic}
     bool UseLargePagesIndividualAllocation        = false                                  {pd product} {ergonomic}

Logging:
Log output configuration:
 #0: stdout all=warning uptime,level,tags
 #1: stderr all=off uptime,level,tags

Environment Variables:
JAVA_HOME=C:\Program Files\Java\jdk1.8.0_202
PATH=D:/sts-4.14.1.RELEASE//plugins/org.eclipse.justj.openjdk.hotspot.jre.full.win32.x86_64_17.0.2.v20220201-1208/jre/bin/server;D:/sts-4.14.1.RELEASE//plugins/org.eclipse.justj.openjdk.hotspot.jre.full.win32.x86_64_17.0.2.v20220201-1208/jre/bin;C:\Program Files\Common Files\Oracle\Java\javapath;C:\WINDOWS\system32;C:\WINDOWS;C:\WINDOWS\system32\Wbem;C:\Program Files (x86)\Common Files\Oracle\Java\javapath;C:\WINDOWS\System32\WindowsPowerShell\v1.0\;C:\WINDOWS\System32\OpenSSH\;C:\Program Files\Java\jdk1.8.0_202\bin;C:\Program Files\nodejs\;C:\Program Files\Git\cmd;C:\Users\saqib\AppData\Local\Microsoft\WindowsApps;C:\Users\saqib\AppData\Local\Programs\Microsoft VS Code\bin;C:\Users\saqib\AppData\Roaming\npm;C:\Users\saqib\AppData\Roaming\npm\node_modules\@angular\cli\bin;C:\Users\saqib\Downloads\apache-maven-3.8.6-bin\apache-maven-3.8.6\bin;;D:\sts-4.14.1.RELEASE;
USERNAME=saqib
OS=Windows_NT
PROCESSOR_IDENTIFIER=Intel64 Family 6 Model 140 Stepping 1, GenuineIntel



---------------  S Y S T E M  ---------------

OS:
 Windows 10 , 64 bit Build 19041 (10.0.19041.2364)
OS uptime: 0 days 2:18 hours

CPU: total 8 (initial active 8) (4 cores per cpu, 2 threads per core) family 6 model 140 stepping 1 microcode 0xa4, cx8, cmov, fxsr, ht, mmx, 3dnowpref, sse, sse2, sse3, ssse3, sse4.1, sse4.2, popcnt, lzcnt, tsc, tscinvbit, avx, avx2, aes, erms, clmul, bmi1, bmi2, adx, avx512f, avx512dq, avx512cd, avx512bw, avx512vl, sha, fma, vzeroupper, avx512_vpopcntdq, avx512_vpclmulqdq, avx512_vaes, avx512_vnni, clflush, clflushopt, clwb, avx512_vbmi2, avx512_vbmi

Memory: 4k page, system-wide physical 7914M (622M free)
TotalPageFile size 10414M (AvailPageFile size 14M)
current process WorkingSet (physical memory assigned to process): 213M, peak: 213M
current process commit charge ("private bytes"): 247M, peak: 262M

vm_info: OpenJDK 64-Bit Server VM (17.0.2+8) for windows-amd64 JRE (17.0.2+8), built on Jan 20 2022 04:52:34 by "" with MS VC++ 16.7 (VS2019)

END.
